--- LOG DE CANALES CAÍDOS GENERADO: 2025-11-01T20:57:36.436Z ---

[2025-11-01T20:57:26.477Z] ID: 12 | TÍTULO: 13 Prime
  URL: https://origin.dpsgo.com/ssai/event/p4mmBxEzSmKAxY1GusOHrw/master.m3u8i
  MOTIVO: Verificación fallida: No se pudo conectar, timeout, o formato m3u8 inválido.
---
[2025-11-01T20:57:26.478Z] ID: 17 | TÍTULO: 13 Entretencion
  URL: https://origin.dpsgo.com/ssai/event/BBp0VeP6QtOOlH8nu3bWTg/master.m3u8i
  MOTIVO: Verificación fallida: No se pudo conectar, timeout, o formato m3u8 inválido.
---
[2025-11-01T20:57:26.479Z] ID: 14 | TÍTULO: 13 Kids
  URL: https://origin.dpsgo.com/ssai/event/LhHrVtyeQkKZ-Ye_xEU75g/master.m3u8i
  MOTIVO: Verificación fallida: No se pudo conectar, timeout, o formato m3u8 inválido.
---
[2025-11-01T20:57:26.480Z] ID: 15 | TÍTULO: 13 Humor
  URL: https://origin.dpsgo.com/ssai/event/cKWySXKgSK-SzlJmESkOWw/master.m3u8i
  MOTIVO: Verificación fallida: No se pudo conectar, timeout, o formato m3u8 inválido.
---
[2025-11-01T20:57:26.573Z] ID: 25 | TÍTULO: Terror TV
  URL: https://tv.streaming-chile.com:19360/8140/8140.m3u8
  MOTIVO: Verificación fallida: No se pudo conectar, timeout, o formato m3u8 inválido.
---
[2025-11-01T20:57:26.580Z] ID: 27 | TÍTULO: +Cine
  URL: https://tv.streaming-chile.com:19360/8142/8142.m3u8
  MOTIVO: Verificación fallida: No se pudo conectar, timeout, o formato m3u8 inválido.
---
[2025-11-01T20:57:26.581Z] ID: 28 | TÍTULO: Aniretro
  URL: https://tv.streaming-chile.com:19360/8068/8068.m3u8
  MOTIVO: Verificación fallida: No se pudo conectar, timeout, o formato m3u8 inválido.
---
[2025-11-01T20:57:26.601Z] ID: 7 | TÍTULO: Meganoticias
  URL: https://mdstrm.com/live-stream-playlist/561430ae330428c223687e1e.m3u8
  MOTIVO: Verificación fallida: No se pudo conectar, timeout, o formato m3u8 inválido.
---
[2025-11-01T20:57:26.749Z] ID: 38 | TÍTULO: Somos TV
  URL: https://v1.tustreaming.cl:443/somostv/index.m3u8
  MOTIVO: Verificación fallida: No se pudo conectar, timeout, o formato m3u8 inválido.
---
[2025-11-01T20:57:26.781Z] ID: 26 | TÍTULO: Moni TV
  URL: https://stream.skarnetchile.com:19360/monitvhd/monitvhd.m3u8
  MOTIVO: Verificación fallida: No se pudo conectar, timeout, o formato m3u8 inválido.
---
[2025-11-01T20:57:26.782Z] ID: 41 | TÍTULO: TV Salud
  URL: https://panel.miplay.cl:8081/tvsalud/index.m3u8
  MOTIVO: Verificación fallida: No se pudo conectar, timeout, o formato m3u8 inválido.
---
[2025-11-01T20:57:26.818Z] ID: 52 | TÍTULO: Camara de Diputados
  URL: https://camara.03.wl.cdnz.cl/camara19/live/playlist.m3u8
  MOTIVO: Verificación fallida: No se pudo conectar, timeout, o formato m3u8 inválido.
---
[2025-11-01T20:57:26.875Z] ID: 32 | TÍTULO: Chilevisual Film
  URL: https://stmv5.voxtvhd.com.br/chilevisualfilm/chilevisualfilm/playlist.m3u8
  MOTIVO: Verificación fallida: No se pudo conectar, timeout, o formato m3u8 inválido.
---
[2025-11-01T20:57:26.877Z] ID: 30 | TÍTULO: Chilevisual Cultura
  URL: https://stmv5.voxtvhd.com.br/chilevisualcultura/chilevisualcultura/playlist.m3u8
  MOTIVO: Verificación fallida: No se pudo conectar, timeout, o formato m3u8 inválido.
---
[2025-11-01T20:57:26.879Z] ID: 29 | TÍTULO: Chilevisual Retro
  URL: https://stmv5.voxtvhd.com.br/chilevisualretro/chilevisualretro/playlist.m3u8
  MOTIVO: Verificación fallida: No se pudo conectar, timeout, o formato m3u8 inválido.
---
[2025-11-01T20:57:26.895Z] ID: 31 | TÍTULO: Chilevisual Kids
  URL: https://stmv5.voxtvhd.com.br/chilevisualkids/chilevisualkids/playlist.m3u8
  MOTIVO: Verificación fallida: No se pudo conectar, timeout, o formato m3u8 inválido.
---
[2025-11-01T20:57:26.898Z] ID: 33 | TÍTULO: Chilevisual Classic
  URL: https://stmv5.voxtvhd.com.br/chilevisual/chilevisual/playlist.m3u8
  MOTIVO: Verificación fallida: No se pudo conectar, timeout, o formato m3u8 inválido.
---
[2025-11-01T20:57:27.075Z] ID: 67 | TÍTULO: Origen TV
  URL: https://tv.streaming-chile.com:8081/origentvhd/tracks-v1a1/mono.m3u8
  MOTIVO: Verificación fallida: No se pudo conectar, timeout, o formato m3u8 inválido.
---
[2025-11-01T20:57:27.108Z] ID: 66 | TÍTULO: SCH TV
  URL: https://panel.miplay.cl:8081/spectrumchannel/tracks-v1a1/mono.m3u8
  MOTIVO: Verificación fallida: No se pudo conectar, timeout, o formato m3u8 inválido.
---
[2025-11-01T20:57:27.218Z] ID: 63 | TÍTULO: Lanco TV
  URL: https://5e3483cba9114.streamlock.net/hfvhxfwxjm/hfvhxfwxjm/chunklist.m3u8
  MOTIVO: Verificación fallida: No se pudo conectar, timeout, o formato m3u8 inválido.
---
[2025-11-01T20:57:27.286Z] ID: 78 | TÍTULO: PlanetaTV Peliculas
  URL: https://scl.edge.grupoz.cl/movie/live/chunklist.m3u8
  MOTIVO: Verificación fallida: No se pudo conectar, timeout, o formato m3u8 inválido.
---
[2025-11-01T20:57:27.288Z] ID: 76 | TÍTULO: Fanpop TV
  URL: https://wifispeed.trapemn.tv:1936/energeek/canal-2p/chunks.m3u8
  MOTIVO: Verificación fallida: No se pudo conectar, timeout, o formato m3u8 inválido.
---
[2025-11-01T20:57:27.290Z] ID: 79 | TÍTULO: PlanetaTV Family
  URL: https://scl.edge.grupoz.cl/planetatvkids/live/chunklist.m3u8
  MOTIVO: Verificación fallida: No se pudo conectar, timeout, o formato m3u8 inválido.
---
[2025-11-01T20:57:27.293Z] ID: 77 | TÍTULO: PlanetaTV Music
  URL: https://scl.edge.grupoz.cl/music/live/chunklist.m3u8
  MOTIVO: Verificación fallida: No se pudo conectar, timeout, o formato m3u8 inválido.
---
[2025-11-01T20:57:27.315Z] ID: 82 | TÍTULO: EnerGeek
  URL: https://wifispeed.trapemn.tv:1936/energeek/canal-1p/chunks.m3u8
  MOTIVO: Verificación fallida: No se pudo conectar, timeout, o formato m3u8 inválido.
---
[2025-11-01T20:57:27.359Z] ID: 37 | TÍTULO: CRTV
  URL: https://stmv4.voxtvhd.com.br/crtvchile/crtvchile/playlist.m3u8
  MOTIVO: Verificación fallida: No se pudo conectar, timeout, o formato m3u8 inválido.
---
[2025-11-01T20:57:27.384Z] ID: 96 | TÍTULO: Comedy Central
  URL: http://stream.flynetwifi.com:1936/live/mobile-001/playlist.m3u8
  MOTIVO: Verificación fallida: No se pudo conectar, timeout, o formato m3u8 inválido.
---
[2025-11-01T20:57:27.479Z] ID: 71 | TÍTULO: Taltal TV
  URL: https://ssh101.bozztv.com/ssh101/taltal/chunks.m3u8
  MOTIVO: Verificación fallida: No se pudo conectar, timeout, o formato m3u8 inválido.
---
[2025-11-01T20:57:27.482Z] ID: 65 | TÍTULO: LMS
  URL: https://ssh101.bozztv.com/ssh101/canallms/chunks.m3u8
  MOTIVO: Verificación fallida: No se pudo conectar, timeout, o formato m3u8 inválido.
---
[2025-11-01T20:57:27.568Z] ID: 101 | TÍTULO: AMC Español
  URL: http://stream.flynetwifi.com:1936/live/mobile-079/playlist.m3u8
  MOTIVO: Verificación fallida: No se pudo conectar, timeout, o formato m3u8 inválido.
---
[2025-11-01T20:57:27.637Z] ID: 93 | TÍTULO: Latinos Radio
  URL: https://stmv5.voxtvhd.com.br/latinosmedia/latinosmedia/chunklist.m3u8
  MOTIVO: Verificación fallida: No se pudo conectar, timeout, o formato m3u8 inválido.
---
[2025-11-01T20:57:27.655Z] ID: 94 | TÍTULO: TV y TV
  URL: https://stmv5.voxtvhd.com.br/tvytv/tvytv/chunklist.m3u8
  MOTIVO: Verificación fallida: No se pudo conectar, timeout, o formato m3u8 inválido.
---
[2025-11-01T20:57:27.693Z] ID: 102 | TÍTULO: AMC
  URL: https://spa-ha-p004.cdn.masmediatv.es/SVoriginOperatorEdge4/smil:87_HD.smil/manifest.m3u8
  MOTIVO: Verificación fallida: No se pudo conectar, timeout, o formato m3u8 inválido.
---
[2025-11-01T20:57:27.704Z] ID: 61 | TÍTULO: DreikoTV
  URL: https://cloudvideo.servers10.com:8081/8138/tracks-v1a1/mono.m3u8
  MOTIVO: Verificación fallida: No se pudo conectar, timeout, o formato m3u8 inválido.
---
[2025-11-01T20:57:27.720Z] ID: 83 | TÍTULO: Gogoplay TV
  URL: https://ssh101-fl.bozztv.com/ssh101/gogoplay/tracks-v1a1/mono.m3u8
  MOTIVO: Verificación fallida: No se pudo conectar, timeout, o formato m3u8 inválido.
---
[2025-11-01T20:57:27.724Z] ID: 81 | TÍTULO: Maxima TV
  URL: https://ssh101-fl.bozztv.com/ssh101/maxtvstreaming/tracks-v1a1/mono.m3u8
  MOTIVO: Verificación fallida: No se pudo conectar, timeout, o formato m3u8 inválido.
---
[2025-11-01T20:57:27.765Z] ID: 104 | TÍTULO: ViX Jajaja
  URL: https://d1f3q72l8uy8ur.cloudfront.net/dist/samsungtv/318/hls/master/playlist.m3u8
  MOTIVO: Verificación fallida: No se pudo conectar, timeout, o formato m3u8 inválido.
---
[2025-11-01T20:57:27.765Z] ID: 105 | TÍTULO: Cartoonito
  URL: http://stream.flynetwifi.com:1936/live/mobile-055/playlist.m3u8
  MOTIVO: Verificación fallida: No se pudo conectar, timeout, o formato m3u8 inválido.
---
[2025-11-01T20:57:27.890Z] ID: 86 | TÍTULO: MAX Anime
  URL: https://streamyes.alsolnet.com/maxanime/live/chunklist.m3u8
  MOTIVO: Verificación fallida: No se pudo conectar, timeout, o formato m3u8 inválido.
---
[2025-11-01T20:57:28.021Z] ID: 62 | TÍTULO: Eva Televisión
  URL: https://stream.skarnetchile.com:19360/evatelevision/evatelevision.m3u8
  MOTIVO: Verificación fallida: No se pudo conectar, timeout, o formato m3u8 inválido.
---
[2025-11-01T20:57:28.260Z] ID: 53 | TÍTULO: Wapp
  URL: https://redirector.rudo.video/hls-video/339f69c6122f6d8f4574732c235f09b7683e31a5/wapptv/wapptv.smil/playlist.m3u8
  MOTIVO: Verificación fallida: No se pudo conectar, timeout, o formato m3u8 inválido.
---
[2025-11-01T20:57:28.328Z] ID: 92 | TÍTULO: Ruidos TV
  URL: https://panel.tvstream.cl:1936/8022/8022/chunklist.m3u8
  MOTIVO: Verificación fallida: No se pudo conectar, timeout, o formato m3u8 inválido.
---
[2025-11-01T20:57:28.658Z] ID: 24 | TÍTULO: Pandamax TV
  URL: https://stream.wifiexpert.cl/telenorte/pandamaxch/playlist.m3u8
  MOTIVO: Verificación fallida: No se pudo conectar, timeout, o formato m3u8 inválido.
---
[2025-11-01T20:57:29.370Z] ID: 60 | TÍTULO: VariedTV
  URL: https://cloud5.streaminglivehd.com:3874/stream/play.m3u8
  MOTIVO: Verificación fallida: No se pudo conectar, timeout, o formato m3u8 inválido.
---
[2025-11-01T20:57:29.424Z] ID: 59 | TÍTULO: Latino Kids TV
  URL: https://cloud5.streaminglivehd.com:3555/hybrid/play.m3u8
  MOTIVO: Verificación fallida: No se pudo conectar, timeout, o formato m3u8 inválido.
---
[2025-11-01T20:57:30.046Z] ID: 74 | TÍTULO: Exprezion TV
  URL: https://vdochile.com:3774/live/cnrhiawklive.m3u8
  MOTIVO: Verificación fallida: No se pudo conectar, timeout, o formato m3u8 inválido.
---
[2025-11-01T20:57:30.471Z] ID: 2 | TÍTULO: TVN
  URL: https://sktv-forwarders.7m.pl/get.php?x=TVN
  MOTIVO: Verificación fallida: No se pudo conectar, timeout, o formato m3u8 inválido.
---
[2025-11-01T20:57:30.842Z] ID: 108 | TÍTULO: Retrox TV
  URL: https://tvservices.fullhd-streaming.com:3867/live/retroxtvlive.m3u8
  MOTIVO: Verificación fallida: No se pudo conectar, timeout, o formato m3u8 inválido.
---
[2025-11-01T20:57:36.415Z] ID: 6 | TÍTULO: NTV
  URL: https://marine2.miplay.cl/ntv/playlist.m3u8
  MOTIVO: Verificación fallida: No se pudo conectar, timeout, o formato m3u8 inválido.
---
[2025-11-01T20:57:36.415Z] ID: 35 | TÍTULO: Cultura Online
  URL: https://paneltv.online:1936/8064/8064/playlist.m3u8
  MOTIVO: Verificación fallida: No se pudo conectar, timeout, o formato m3u8 inválido.
---
[2025-11-01T20:57:36.415Z] ID: 69 | TÍTULO: Magic Kids
  URL: https://magicstream.ddns.net/magicstream/stream.m3u8
  MOTIVO: Verificación fallida: No se pudo conectar, timeout, o formato m3u8 inválido.
---
[2025-11-01T20:57:36.416Z] ID: 75 | TÍTULO: Ziza Televisión
  URL: https://v2.tustreaming.cl/mundopacifico/tracks-v1a1/mono.m3u8
  MOTIVO: Verificación fallida: No se pudo conectar, timeout, o formato m3u8 inválido.
---
[2025-11-01T20:57:36.416Z] ID: 90 | TÍTULO: Solo StandUp
  URL: https://paneltv.online:1936/8116/8116/chunklist.m3u8
  MOTIVO: Verificación fallida: No se pudo conectar, timeout, o formato m3u8 inválido.
---
[2025-11-01T20:57:36.417Z] ID: 95 | TÍTULO: Huasco TV
  URL: https://paneltv.online:1936/8024/8024/chunklist.m3u8
  MOTIVO: Verificación fallida: No se pudo conectar, timeout, o formato m3u8 inválido.
---
[2025-11-01T20:57:36.417Z] ID: 98 | TÍTULO: Sony Cine
  URL: https://cdn.klowdtv.net/803B48A/n1.klowdtv.net/live1/cine_720p/playlist.m3u8
  MOTIVO: Verificación fallida: No se pudo conectar, timeout, o formato m3u8 inválido.
